* 2sak_A 54
pos,peptide,score,DRB1_0101,DRB1_0301,DRB1_0401,DRB1_0701,DRB1_0801,DRB1_1101,DRB1_1301,DRB1_1501
3,FEPTGPYLM,2,5,-,-,2,-,-,-,-
9,YLMVNVTGV,5,1,4,3,1,-,2,-,-
10,LMVNVTGVD,1,-,-,-,-,3,-,-,-
11,MVNVTGVDS,6,1,3,-,5,-,3,5,3
12,VNVTGVDSK,1,-,-,4,-,-,-,-,-
29,YVEFPIKPG,2,-,-,-,-,4,4,-,-
32,FPIKPGTTL,1,-,-,-,5,-,-,-,-
34,IKPGTTLTK,3,-,4,5,-,-,4,-,-
45,IEYYVEWAL,1,-,-,-,-,-,-,-,3
47,YYVEWALDA,3,1,-,1,-,-,3,-,-
51,WALDATAYK,2,-,4,1,-,-,-,-,-
58,YKEFRVVEL,2,4,-,-,2,-,-,-,-
61,FRVVELDPS,4,-,5,4,-,4,3,-,-
64,VELDPSAKI,2,-,2,2,-,-,-,-,-
74,VTYYDKNKK,1,-,-,-,-,-,-,4,-
76,YYDKNKKKE,1,-,-,-,-,1,-,-,-
89,FPITEKGFV,2,-,-,-,5,-,5,-,-
96,FVVPDLSEH,1,-,-,-,-,3,-,-,-
97,VVPDLSEHI,4,-,1,1,2,-,-,-,5
105,IKNPGFNLI,1,-,-,-,5,-,-,-,-
110,FNLITKVVI,6,1,2,-,1,3,1,5,-
112,LITKVVIEK,3,-,-,-,-,4,3,4,-
* 2sak_A 54
pos,peptide,score,DRB1_0101,DRB1_0301,DRB1_0401,DRB1_0701,DRB1_0801,DRB1_1101,DRB1_1301,DRB1_1501
18,FEPTGPYLM,2,5,-,-,2,-,-,-,-
24,YLMVNVTGV,5,1,4,3,1,-,2,-,-
25,LMVNVTGVD,1,-,-,-,-,3,-,-,-
26,MVNVTGVDS,6,1,3,-,5,-,3,5,3
27,VNVTGVDSK,1,-,-,4,-,-,-,-,-
44,YVEFPIKPG,2,-,-,-,-,4,4,-,-
47,FPIKPGTTL,1,-,-,-,5,-,-,-,-
49,IKPGTTLTK,3,-,4,5,-,-,4,-,-
60,IEYYVEWAL,1,-,-,-,-,-,-,-,3
62,YYVEWALDA,3,1,-,1,-,-,3,-,-
66,WALDATAYK,2,-,4,1,-,-,-,-,-
73,YKEFRVVEL,2,4,-,-,2,-,-,-,-
76,FRVVELDPS,4,-,5,4,-,4,3,-,-
79,VELDPSAKI,2,-,2,2,-,-,-,-,-
89,VTYYDKNKK,1,-,-,-,-,-,-,4,-
91,YYDKNKKKE,1,-,-,-,-,1,-,-,-
104,FPITEKGFV,2,-,-,-,5,-,5,-,-
111,FVVPDLSEH,1,-,-,-,-,3,-,-,-
112,VVPDLSEHI,4,-,1,1,2,-,-,-,5
120,IKNPGFNLI,1,-,-,-,5,-,-,-,-
125,FNLITKVVI,6,1,2,-,1,3,1,5,-
127,LITKVVIEK,3,-,-,-,-,4,3,4,-
* 2sak_A 54
  saved to out/2sak_A.pp5.csv
saving sequence in tempfile /var/folders/rd/n9j9shhs06z847xyc99lbtz80000gn/T/tmpys52j1lo
invoking NetMHCII: /Users/cbk/software/netMHCII-2.3/netMHCII-2.3 -a DRB1_0101,DRB1_0301,DRB1_0401,DRB1_0405,DRB1_0701,DRB1_0802,DRB1_0901,DRB1_1101,DRB1_1201,DRB1_1302,DRB1_1501,DRB3_0101,DRB3_0202,DRB4_0101,DRB5_0101,HLA-DPA10103-DPB10201,HLA-DPA10103-DPB10401,HLA-DPA10201-DPB10101,HLA-DPA10201-DPB10501,HLA-DPA10201-DPB11401,HLA-DPA10301-DPB10402,HLA-DQA10101-DQB10501,HLA-DQA10102-DQB10602,HLA-DQA10301-DQB10302,HLA-DQA10401-DQB10402,HLA-DQA10501-DQB10201,HLA-DQA10501-DQB10301 -f /var/folders/rd/n9j9shhs06z847xyc99lbtz80000gn/T/tmpys52j1lo
* 2sak_A 226
  saved to out/2sak_A.nm10g.csv
saving sequence in tempfile /var/folders/rd/n9j9shhs06z847xyc99lbtz80000gn/T/tmp228egn0r
invoking NetMHCII: /Users/cbk/software/netMHCII-2.3/netMHCII-2.3 -a DRB1_0301,DRB1_0701,DRB1_1501,DRB3_0101,DRB3_0202,DRB4_0101,DRB5_0101 -f /var/folders/rd/n9j9shhs06z847xyc99lbtz80000gn/T/tmp228egn0r
* 2sak_A 64
  saved to out/2sak_A.nm10p.csv
* 2sak_A 54
  plotted to out/2sak_A.pp5.pdf
saving sequence in tempfile /var/folders/rd/n9j9shhs06z847xyc99lbtz80000gn/T/tmpr429l6si
invoking NetMHCII: /Users/cbk/software/netMHCII-2.3/netMHCII-2.3 -a DRB1_0101,DRB1_0301,DRB1_0401,DRB1_0405,DRB1_0701,DRB1_0802,DRB1_0901,DRB1_1101,DRB1_1201,DRB1_1302,DRB1_1501,DRB3_0101,DRB3_0202,DRB4_0101,DRB5_0101,HLA-DPA10103-DPB10201,HLA-DPA10103-DPB10401,HLA-DPA10201-DPB10101,HLA-DPA10201-DPB10501,HLA-DPA10201-DPB11401,HLA-DPA10301-DPB10402,HLA-DQA10101-DQB10501,HLA-DQA10102-DQB10602,HLA-DQA10301-DQB10302,HLA-DQA10401-DQB10402,HLA-DQA10501-DQB10201,HLA-DQA10501-DQB10301 -f /var/folders/rd/n9j9shhs06z847xyc99lbtz80000gn/T/tmpr429l6si
* 2sak_A 226
  plotted to out/2sak_A.nm10g.pdf
saving sequence in tempfile /var/folders/rd/n9j9shhs06z847xyc99lbtz80000gn/T/tmp4d_8nj13
invoking NetMHCII: /Users/cbk/software/netMHCII-2.3/netMHCII-2.3 -a DRB1_0301,DRB1_0701,DRB1_1501,DRB3_0101,DRB3_0202,DRB4_0101,DRB5_0101 -f /var/folders/rd/n9j9shhs06z847xyc99lbtz80000gn/T/tmp4d_8nj13
* 2sak_A 64
  plotted to out/2sak_A.nm10p.pdf
saving sequence in tempfile /var/folders/rd/n9j9shhs06z847xyc99lbtz80000gn/T/tmpmdl5hpi6
invoking NetMHCII: /Users/cbk/software/netMHCII-2.3/netMHCII-2.3 -a DRB1_0101,DRB1_0301,DRB1_0401,DRB1_0405,DRB1_0701,DRB1_0802,DRB1_0901,DRB1_1101,DRB1_1201,DRB1_1302,DRB1_1501,DRB3_0101,DRB3_0202,DRB4_0101,DRB5_0101,HLA-DPA10103-DPB10201,HLA-DPA10103-DPB10401,HLA-DPA10201-DPB10101,HLA-DPA10201-DPB10501,HLA-DPA10201-DPB11401,HLA-DPA10301-DPB10402,HLA-DQA10101-DQB10501,HLA-DQA10102-DQB10602,HLA-DQA10301-DQB10302,HLA-DQA10401-DQB10402,HLA-DQA10501-DQB10201,HLA-DQA10501-DQB10301 -f /var/folders/rd/n9j9shhs06z847xyc99lbtz80000gn/T/tmpmdl5hpi6
* 2sak_A 40
  plotted to out/2sak_A.nm2g.pdf
* seq0 5
pos,peptide,score,DRB1_0101,DRB1_0301,DRB1_0401,DRB1_0701,DRB1_0801,DRB1_1101,DRB1_1301,DRB1_1501
1,YLMVNVTGV,5,1,4,3,1,-,2,-,-
enter sequences:
* seq0 54
* 2sak_A_A 54
* 1eer_A 66
* 2sak_A 54
* 3r2x_C 37
* 1eer_A 66
  saved to out/1eer_A.pp.csv
  plotted to out/1eer_A.pp5.pdf
* 2sak_A 54
  saved to out/2sak_A.pp.csv
WARNING: Attempting to save an epitope hit plot for sequence out/2sak_A.pp5.pdf to a location with an existing file (out/2sak_A.pp5.pdf).  The plot will not be generated.
WARNING: You may have forgotten to include a "$" in your filename if you are scoring multiple sequences.
* 3r2x_C 37
  saved to out/3r2x_C.pp.csv
  plotted to out/3r2x_C.pp5.pdf
saving sequence in tempfile /var/folders/rd/n9j9shhs06z847xyc99lbtz80000gn/T/tmp3alvmxv2
invoking NetMHCII: /Users/cbk/software/netMHCII-2.3/netMHCII-2.3 -a DRB1_0101,DRB1_0301,DRB1_0401,DRB1_0405,DRB1_0701,DRB1_0802,DRB1_0901,DRB1_1101,DRB1_1201,DRB1_1302,DRB1_1501,DRB3_0101,DRB3_0202,DRB4_0101,DRB5_0101,HLA-DPA10103-DPB10201,HLA-DPA10103-DPB10401,HLA-DPA10201-DPB10101,HLA-DPA10201-DPB10501,HLA-DPA10201-DPB11401,HLA-DPA10301-DPB10402,HLA-DQA10101-DQB10501,HLA-DQA10102-DQB10602,HLA-DQA10301-DQB10302,HLA-DQA10401-DQB10402,HLA-DQA10501-DQB10201,HLA-DQA10501-DQB10301 -f /var/folders/rd/n9j9shhs06z847xyc99lbtz80000gn/T/tmp3alvmxv2
* 1eer_A 534
  saved to out/1eer_A.nm10g.csv
  plotted to out/1eer_A.nm10g.pdf
saving sequence in tempfile /var/folders/rd/n9j9shhs06z847xyc99lbtz80000gn/T/tmp6b5btwdr
invoking NetMHCII: /Users/cbk/software/netMHCII-2.3/netMHCII-2.3 -a DRB1_0101,DRB1_0301,DRB1_0401,DRB1_0405,DRB1_0701,DRB1_0802,DRB1_0901,DRB1_1101,DRB1_1201,DRB1_1302,DRB1_1501,DRB3_0101,DRB3_0202,DRB4_0101,DRB5_0101,HLA-DPA10103-DPB10201,HLA-DPA10103-DPB10401,HLA-DPA10201-DPB10101,HLA-DPA10201-DPB10501,HLA-DPA10201-DPB11401,HLA-DPA10301-DPB10402,HLA-DQA10101-DQB10501,HLA-DQA10102-DQB10602,HLA-DQA10301-DQB10302,HLA-DQA10401-DQB10402,HLA-DQA10501-DQB10201,HLA-DQA10501-DQB10301 -f /var/folders/rd/n9j9shhs06z847xyc99lbtz80000gn/T/tmp6b5btwdr
* 2sak_A 226
  saved to out/2sak_A.nm10g.csv
WARNING: Attempting to save an epitope hit plot for sequence out/2sak_A.nm10g.pdf to a location with an existing file (out/2sak_A.nm10g.pdf).  The plot will not be generated.
WARNING: You may have forgotten to include a "$" in your filename if you are scoring multiple sequences.
saving sequence in tempfile /var/folders/rd/n9j9shhs06z847xyc99lbtz80000gn/T/tmp_sd82ddi
invoking NetMHCII: /Users/cbk/software/netMHCII-2.3/netMHCII-2.3 -a DRB1_0101,DRB1_0301,DRB1_0401,DRB1_0405,DRB1_0701,DRB1_0802,DRB1_0901,DRB1_1101,DRB1_1201,DRB1_1302,DRB1_1501,DRB3_0101,DRB3_0202,DRB4_0101,DRB5_0101,HLA-DPA10103-DPB10201,HLA-DPA10103-DPB10401,HLA-DPA10201-DPB10101,HLA-DPA10201-DPB10501,HLA-DPA10201-DPB11401,HLA-DPA10301-DPB10402,HLA-DQA10101-DQB10501,HLA-DQA10102-DQB10602,HLA-DQA10301-DQB10302,HLA-DQA10401-DQB10402,HLA-DQA10501-DQB10201,HLA-DQA10501-DQB10301 -f /var/folders/rd/n9j9shhs06z847xyc99lbtz80000gn/T/tmp_sd82ddi
* 3r2x_C 256
  saved to out/3r2x_C.nm10g.csv
  plotted to out/3r2x_C.nm10g.pdf
