select e.linear_peptide_seq as peptide, m.mhc_allele_name as allele, m.as_char_value as qual_measure from mhc_bind m, curated_epitope ce, epitope_object eo, epitope e where m.curated_epitope_id=ce.curated_epitope_id and ce.e_object_id = eo.object_id and eo.epitope_id=e.epitope_id and length(e.linear_peptide_seq)>=9 and m.mhc_allele_name in ("HLA-DRB1*01:01","HLA-DRA*01:01/DRB1*01:01")
11180 rows => 10020 peptides
conflicting evidence PKYVKQNTLKLAT DRB1_0101 ['Positive', 'Positive', 'Positive-High', 'Positive', 'Positive-High', 'Positive-High', 'Positive', 'Positive', 'Positive', 'Positive', 'Positive-Low', 'Positive', 'Negative', 'Positive', 'Negative', 'Positive', 'Positive', 'Positive', 'Positive', 'Positive', 'Positive', 'Negative', 'Positive', 'Positive', 'Positive', 'Positive', 'Positive-High', 'Positive-Intermediate', 'Negative', 'Positive', 'Positive', 'Positive-Low', 'Positive', 'Negative', 'Positive', 'Positive', 'Positive', 'Positive', 'Positive', 'Positive', 'Positive', 'Positive-High', 'Positive', 'Positive', 'Positive', 'Positive', 'Positive', 'Positive', 'Positive', 'Positive-High', 'Positive', 'Positive-Low', 'Positive', 'Positive-High', 'Positive-High', 'Positive-High', 'Positive-High', 'Positive-High', 'Positive-High', 'Positive-High', 'Positive', 'Positive-High', 'Positive', 'Negative', 'Negative', 'Positive', 'Negative', 'Positive', 'Positive-High', 'Positive', 'Positive-High', 'Positive-High', 'Positive', 'Positive-High', 'Positive', 'Positive', 'Positive', 'Positive', 'Positive', 'Positive', 'Positive', 'Positive', 'Positive-High', 'Positive', 'Positive']
conflicting evidence IVLNIFALPYANVTVSN DRB1_0101 ['Positive-Low', 'Negative']
conflicting evidence GIAGFAGEQGPKGEP DRB1_0101 ['Positive-Low', 'Negative', 'Positive-Low']
conflicting evidence DAEVAGTQYFHPSGKSPVFG DRB1_0101 ['Negative', 'Positive', 'Negative', 'Negative']
conflicting evidence MIKSAFLPTGAFKADRYKSH DRB1_0101 ['Negative', 'Negative', 'Positive']
conflicting evidence MLNISMLQTVMMMTPQK DRB1_0101 ['Negative', 'Positive']
conflicting evidence PKAVKQNTLKLAT DRB1_0101 ['Positive-Low', 'Positive-Low', 'Negative', 'Positive-Low']
conflicting evidence IFDSRGNPTVEVDLF DRB1_0101 ['Negative', 'Positive-Low', 'Positive-Low', 'Positive-Low', 'Positive', 'Positive-Low']
conflicting evidence LQLTFFFPLGIYIPTET DRB1_0101 ['Positive-Low', 'Negative']
conflicting evidence MQTLLRKSPPQFIVLTM DRB1_0101 ['Positive-Low', 'Negative']
conflicting evidence MSILKIHAREIFDSR DRB1_0101 ['Negative', 'Positive']
conflicting evidence PKYVKRNTLKLAT DRB1_0101 ['Positive', 'Positive', 'Positive', 'Negative', 'Positive', 'Positive', 'Positive', 'Positive', 'Positive', 'Positive', 'Negative']
conflicting evidence SNDVEIRAEGNSRFT DRB1_0101 ['Positive', 'Positive', 'Negative']
conflicting evidence LPGARGLTGRPGDAG DRB1_0101 ['Positive', 'Positive', 'Negative']
conflicting evidence FNNIPSRYNLYDKMLPLDD DRB1_0101 ['Negative', 'Positive']
conflicting evidence NNNFNNIPSRYNLYDKKLDL DRB1_0101 ['Negative', 'Negative', 'Positive']
conflicting evidence KSNFLNCYVSGFHPSD DRB1_0101 ['Positive-Low', 'Negative']
conflicting evidence ACRVNHVTLSQPKIVK DRB1_0101 ['Positive-Low', 'Negative']
conflicting evidence QYIKANSKFIGITE DRB1_0101 ['Negative', 'Positive', 'Positive-High', 'Positive-Low', 'Positive-High', 'Positive-High', 'Positive-High', 'Positive', 'Positive-High', 'Positive-High']
conflicting evidence PHHTALRQAILCWGELMTLA DRB1_0101 ['Positive-High', 'Positive', 'Positive-High', 'Negative', 'Positive-High']
conflicting evidence SYRTNMFATWSP DRB1_0101 ['Positive-Low', 'Negative']
conflicting evidence EVLYLKPLAGVYRSLKKQLE DRB1_0101 ['Negative', 'Positive', 'Positive', 'Negative', 'Negative', 'Negative']
conflicting evidence HPAENGKSNFLNCYVS DRB1_0101 ['Negative', 'Positive-Low']
conflicting evidence NPPIPVGEIYKRWIIL DRB1_0101 ['Negative', 'Positive-Intermediate']
conflicting evidence IQRTPKIQVYSRHPAE DRB1_0101 ['Negative', 'Positive-Low']
conflicting evidence MTDVIRYRYSNNYEAESHIS DRB1_0101 ['Positive', 'Negative']
conflicting evidence KMNMHMENVAWIMKNQNLFK DRB1_0101 ['Positive', 'Negative']
conflicting evidence QATFMVFQALAQYQKDAP DRB1_0101 ['Negative', 'Positive-Low']
conflicting evidence KCAEWEKAQHGA DRB1_0101 ['Negative', 'Positive-Low']
conflicting evidence NKKCDKKCIEWE DRB1_0101 ['Negative', 'Positive-Low']
conflicting evidence CDKKCIEWEKAQ DRB1_0101 ['Negative', 'Positive-Low']
conflicting evidence KIYVIEGTSKQDL DRB1_0101 ['Positive-Low', 'Negative', 'Positive']
conflicting evidence KNSFSLGENPNANP DRB1_0101 ['Negative', 'Positive-Intermediate']
conflicting evidence LKLFMALVAFLRFLT DRB1_0101 ['Negative', 'Positive-Low']
conflicting evidence VNPLTLTAAVLLLIT DRB1_0101 ['Negative', 'Positive-Low']
conflicting evidence LVVGIYDEPMTPGQC DRB1_0101 ['Positive-Intermediate', 'Negative']
conflicting evidence STWYGKPTAAGPKDN DRB1_0101 ['Positive-Low', 'Negative']
conflicting evidence FGHDGTVWAQSADFP DRB1_0101 ['Positive-Low', 'Negative']
conflicting evidence EITGIMKDLDEPGHL DRB1_0101 ['Positive-Low', 'Negative']
conflicting evidence ITSDPRKQCSKEDGG DRB1_0101 ['Negative', 'Positive']
conflicting evidence VIQNRQDGSVDFGRK DRB1_0101 ['Negative', 'Positive']
conflicting evidence NRCHAANPNGRYYWG DRB1_0101 ['Positive', 'Negative']
conflicting evidence LPSRDRQHLPLIKMK DRB1_0101 ['Positive', 'Negative']
conflicting evidence QKLESDVSAQMEYCR DRB1_0101 ['Positive', 'Negative']
conflicting evidence IRVLRSILENLRSKI DRB1_0101 ['Negative', 'Positive']
conflicting evidence VSGKECEEIIRKGGE DRB1_0101 ['Positive', 'Negative']
conflicting evidence MELERPGGNEITRGG DRB1_0101 ['Positive', 'Negative']
conflicting evidence SETESRGSESGIFTN DRB1_0101 ['Positive', 'Negative']
conflicting evidence PEWKALTDMPQMRME DRB1_0101 ['Positive', 'Negative']
conflicting evidence VSPGTRREYHTEKLV DRB1_0101 ['Negative', 'Positive']
conflicting evidence IEVLKRKVIEKVQHI DRB1_0101 ['Negative', 'Positive']
conflicting evidence GSSERGSAGHWTSES DRB1_0101 ['Negative', 'Positive']
conflicting evidence DTFRKDFRVYDNFLR DRB1_0101 ['Negative', 'Positive-High']
conflicting evidence TIMLLALIAVLTGGV DRB1_0101 ['Positive-Low', 'Negative']
conflicting evidence SAVRLRSSVPGVR DRB1_0101 ['Positive-Low', 'Positive', 'Positive-Low', 'Positive', 'Negative', 'Positive']
conflicting evidence GKQLYNVEATSYALLALLQLKDFD DRB1_0101 ['Negative', 'Positive-High']
conflicting evidence GEPGIAGFKGDQGPKGEPGPA DRB1_0101 ['Negative', 'Negative', 'Positive-Low']
conflicting evidence MVVERLGDYLVEQGM DRB1_0101 ['Negative', 'Positive-Intermediate']
conflicting evidence MSTRSVSSSSYRRMF DRB1_0101 ['Positive', 'Positive', 'Negative', 'Positive']
conflicting evidence TGFPGAAGRVGPPGS DRB1_0101 ['Positive', 'Negative']
conflicting evidence PGQRGERGFPGLPGP DRB1_0101 ['Negative', 'Positive', 'Negative']
conflicting evidence DRGDVGEKGPEGAPG DRB1_0101 ['Positive', 'Negative']
conflicting evidence ELQELNDRFANYIDK DRB1_0101 ['Negative', 'Positive']
conflicting evidence RKLLEGEESRISLPL DRB1_0101 ['Negative', 'Negative', 'Positive']
conflicting evidence RSSVPGVRLLQDSVD DRB1_0101 ['Positive', 'Negative', 'Positive']
conflicting evidence ELRRQVDQLTNDKAR DRB1_0101 ['Positive', 'Negative', 'Positive', 'Negative']
conflicting evidence NDKARVEVERDNLAE DRB1_0101 ['Negative', 'Positive', 'Positive']
conflicting evidence IDVDVSKPDLTAALR DRB1_0101 ['Negative', 'Positive']
conflicting evidence EEEMRELRRQVDQLT DRB1_0101 ['Positive', 'Negative', 'Negative', 'Positive']
conflicting evidence VVLLVATEGRVRVNSAYQDK DRB1_0101 ['Positive', 'Negative']
conflicting evidence ANYQDTIGRLQDEIQ DRB1_0101 ['Positive', 'Negative']
conflicting evidence TLLIKTVETRDGQVI DRB1_0101 ['Positive', 'Negative']
select e.linear_peptide_seq as peptide, m.mhc_allele_name as allele, m.as_char_value as qual_measure from mhc_bind m, curated_epitope ce, epitope_object eo, epitope e where m.curated_epitope_id=ce.curated_epitope_id and ce.e_object_id = eo.object_id and eo.epitope_id=e.epitope_id and length(e.linear_peptide_seq)>=9 and m.mhc_allele_name in ("HLA-DRB1*01:01","HLA-DRA*01:01/DRB1*01:01")
11180 rows => 10020 peptides
conflicting evidence PKYVKQNTLKLAT DRB1_0101 ['Positive', 'Positive', 'Positive-High', 'Positive', 'Positive-High', 'Positive-High', 'Positive', 'Positive', 'Positive', 'Positive', 'Positive-Low', 'Positive', 'Negative', 'Positive', 'Negative', 'Positive', 'Positive', 'Positive', 'Positive', 'Positive', 'Positive', 'Negative', 'Positive', 'Positive', 'Positive', 'Positive', 'Positive-High', 'Positive-Intermediate', 'Negative', 'Positive', 'Positive', 'Positive-Low', 'Positive', 'Negative', 'Positive', 'Positive', 'Positive', 'Positive', 'Positive', 'Positive', 'Positive', 'Positive-High', 'Positive', 'Positive', 'Positive', 'Positive', 'Positive', 'Positive', 'Positive', 'Positive-High', 'Positive', 'Positive-Low', 'Positive', 'Positive-High', 'Positive-High', 'Positive-High', 'Positive-High', 'Positive-High', 'Positive-High', 'Positive-High', 'Positive', 'Positive-High', 'Positive', 'Negative', 'Negative', 'Positive', 'Negative', 'Positive', 'Positive-High', 'Positive', 'Positive-High', 'Positive-High', 'Positive', 'Positive-High', 'Positive', 'Positive', 'Positive', 'Positive', 'Positive', 'Positive', 'Positive', 'Positive', 'Positive-High', 'Positive', 'Positive']
conflicting evidence IVLNIFALPYANVTVSN DRB1_0101 ['Positive-Low', 'Negative']
conflicting evidence GIAGFAGEQGPKGEP DRB1_0101 ['Positive-Low', 'Negative', 'Positive-Low']
conflicting evidence DAEVAGTQYFHPSGKSPVFG DRB1_0101 ['Negative', 'Positive', 'Negative', 'Negative']
conflicting evidence MIKSAFLPTGAFKADRYKSH DRB1_0101 ['Negative', 'Negative', 'Positive']
conflicting evidence MLNISMLQTVMMMTPQK DRB1_0101 ['Negative', 'Positive']
conflicting evidence PKAVKQNTLKLAT DRB1_0101 ['Positive-Low', 'Positive-Low', 'Negative', 'Positive-Low']
conflicting evidence IFDSRGNPTVEVDLF DRB1_0101 ['Negative', 'Positive-Low', 'Positive-Low', 'Positive-Low', 'Positive', 'Positive-Low']
conflicting evidence LQLTFFFPLGIYIPTET DRB1_0101 ['Positive-Low', 'Negative']
conflicting evidence MQTLLRKSPPQFIVLTM DRB1_0101 ['Positive-Low', 'Negative']
conflicting evidence MSILKIHAREIFDSR DRB1_0101 ['Negative', 'Positive']
conflicting evidence PKYVKRNTLKLAT DRB1_0101 ['Positive', 'Positive', 'Positive', 'Negative', 'Positive', 'Positive', 'Positive', 'Positive', 'Positive', 'Positive', 'Negative']
conflicting evidence SNDVEIRAEGNSRFT DRB1_0101 ['Positive', 'Positive', 'Negative']
conflicting evidence LPGARGLTGRPGDAG DRB1_0101 ['Positive', 'Positive', 'Negative']
conflicting evidence FNNIPSRYNLYDKMLPLDD DRB1_0101 ['Negative', 'Positive']
conflicting evidence NNNFNNIPSRYNLYDKKLDL DRB1_0101 ['Negative', 'Negative', 'Positive']
conflicting evidence KSNFLNCYVSGFHPSD DRB1_0101 ['Positive-Low', 'Negative']
conflicting evidence ACRVNHVTLSQPKIVK DRB1_0101 ['Positive-Low', 'Negative']
conflicting evidence QYIKANSKFIGITE DRB1_0101 ['Negative', 'Positive', 'Positive-High', 'Positive-Low', 'Positive-High', 'Positive-High', 'Positive-High', 'Positive', 'Positive-High', 'Positive-High']
conflicting evidence PHHTALRQAILCWGELMTLA DRB1_0101 ['Positive-High', 'Positive', 'Positive-High', 'Negative', 'Positive-High']
conflicting evidence SYRTNMFATWSP DRB1_0101 ['Positive-Low', 'Negative']
conflicting evidence EVLYLKPLAGVYRSLKKQLE DRB1_0101 ['Negative', 'Positive', 'Positive', 'Negative', 'Negative', 'Negative']
conflicting evidence HPAENGKSNFLNCYVS DRB1_0101 ['Negative', 'Positive-Low']
conflicting evidence NPPIPVGEIYKRWIIL DRB1_0101 ['Negative', 'Positive-Intermediate']
conflicting evidence IQRTPKIQVYSRHPAE DRB1_0101 ['Negative', 'Positive-Low']
conflicting evidence MTDVIRYRYSNNYEAESHIS DRB1_0101 ['Positive', 'Negative']
conflicting evidence KMNMHMENVAWIMKNQNLFK DRB1_0101 ['Positive', 'Negative']
conflicting evidence QATFMVFQALAQYQKDAP DRB1_0101 ['Negative', 'Positive-Low']
conflicting evidence KCAEWEKAQHGA DRB1_0101 ['Negative', 'Positive-Low']
conflicting evidence NKKCDKKCIEWE DRB1_0101 ['Negative', 'Positive-Low']
conflicting evidence CDKKCIEWEKAQ DRB1_0101 ['Negative', 'Positive-Low']
conflicting evidence KIYVIEGTSKQDL DRB1_0101 ['Positive-Low', 'Negative', 'Positive']
conflicting evidence KNSFSLGENPNANP DRB1_0101 ['Negative', 'Positive-Intermediate']
conflicting evidence LKLFMALVAFLRFLT DRB1_0101 ['Negative', 'Positive-Low']
conflicting evidence VNPLTLTAAVLLLIT DRB1_0101 ['Negative', 'Positive-Low']
conflicting evidence LVVGIYDEPMTPGQC DRB1_0101 ['Positive-Intermediate', 'Negative']
conflicting evidence STWYGKPTAAGPKDN DRB1_0101 ['Positive-Low', 'Negative']
conflicting evidence FGHDGTVWAQSADFP DRB1_0101 ['Positive-Low', 'Negative']
conflicting evidence EITGIMKDLDEPGHL DRB1_0101 ['Positive-Low', 'Negative']
conflicting evidence ITSDPRKQCSKEDGG DRB1_0101 ['Negative', 'Positive']
conflicting evidence VIQNRQDGSVDFGRK DRB1_0101 ['Negative', 'Positive']
conflicting evidence NRCHAANPNGRYYWG DRB1_0101 ['Positive', 'Negative']
conflicting evidence LPSRDRQHLPLIKMK DRB1_0101 ['Positive', 'Negative']
conflicting evidence QKLESDVSAQMEYCR DRB1_0101 ['Positive', 'Negative']
conflicting evidence IRVLRSILENLRSKI DRB1_0101 ['Negative', 'Positive']
conflicting evidence VSGKECEEIIRKGGE DRB1_0101 ['Positive', 'Negative']
conflicting evidence MELERPGGNEITRGG DRB1_0101 ['Positive', 'Negative']
conflicting evidence SETESRGSESGIFTN DRB1_0101 ['Positive', 'Negative']
conflicting evidence PEWKALTDMPQMRME DRB1_0101 ['Positive', 'Negative']
conflicting evidence VSPGTRREYHTEKLV DRB1_0101 ['Negative', 'Positive']
conflicting evidence IEVLKRKVIEKVQHI DRB1_0101 ['Negative', 'Positive']
conflicting evidence GSSERGSAGHWTSES DRB1_0101 ['Negative', 'Positive']
conflicting evidence DTFRKDFRVYDNFLR DRB1_0101 ['Negative', 'Positive-High']
conflicting evidence TIMLLALIAVLTGGV DRB1_0101 ['Positive-Low', 'Negative']
conflicting evidence SAVRLRSSVPGVR DRB1_0101 ['Positive-Low', 'Positive', 'Positive-Low', 'Positive', 'Negative', 'Positive']
conflicting evidence GKQLYNVEATSYALLALLQLKDFD DRB1_0101 ['Negative', 'Positive-High']
conflicting evidence GEPGIAGFKGDQGPKGEPGPA DRB1_0101 ['Negative', 'Negative', 'Positive-Low']
conflicting evidence MVVERLGDYLVEQGM DRB1_0101 ['Negative', 'Positive-Intermediate']
conflicting evidence MSTRSVSSSSYRRMF DRB1_0101 ['Positive', 'Positive', 'Negative', 'Positive']
conflicting evidence TGFPGAAGRVGPPGS DRB1_0101 ['Positive', 'Negative']
conflicting evidence PGQRGERGFPGLPGP DRB1_0101 ['Negative', 'Positive', 'Negative']
conflicting evidence DRGDVGEKGPEGAPG DRB1_0101 ['Positive', 'Negative']
conflicting evidence ELQELNDRFANYIDK DRB1_0101 ['Negative', 'Positive']
conflicting evidence RKLLEGEESRISLPL DRB1_0101 ['Negative', 'Negative', 'Positive']
conflicting evidence RSSVPGVRLLQDSVD DRB1_0101 ['Positive', 'Negative', 'Positive']
conflicting evidence ELRRQVDQLTNDKAR DRB1_0101 ['Positive', 'Negative', 'Positive', 'Negative']
conflicting evidence NDKARVEVERDNLAE DRB1_0101 ['Negative', 'Positive', 'Positive']
conflicting evidence IDVDVSKPDLTAALR DRB1_0101 ['Negative', 'Positive']
conflicting evidence EEEMRELRRQVDQLT DRB1_0101 ['Positive', 'Negative', 'Negative', 'Positive']
conflicting evidence VVLLVATEGRVRVNSAYQDK DRB1_0101 ['Positive', 'Negative']
conflicting evidence ANYQDTIGRLQDEIQ DRB1_0101 ['Positive', 'Negative']
conflicting evidence TLLIKTVETRDGQVI DRB1_0101 ['Positive', 'Negative']
* 2sak_A 0
* 1eer_A 109.0
496 rows => 31 peptides
* 1eer_A 109.0
