
          -------------------------------------------------------
          Amber 14 SANDER                              2014
          -------------------------------------------------------

| Run on 08/18/2016 at 17:31:09

|   Executable path: sander
| Working directory: /lustre/cs1500/scratch/kmb413/RealDecoyDisc/Test/testfiles
|          Hostname: Unknown

File Assignments:
|  MDIN: min.in                                                                
| MDOUT: out/min_NoH_empty_tag_1270_0001.out                                   
|INPCRD: /lustre/cs1500/scratch/kmb413/RealDecoyDisc/Test/testfiles/NoH_empty_t
|  PARM: parm.parm7                                                            
|RESTRT: min_NoH_empty_tag_1270_0001.rst7                                      
|  REFC: /lustre/cs1500/scratch/kmb413/RealDecoyDisc/Test/testfiles/NoH_empty_t
| MDVEL: mdvel                                                                 
| MDFRC: mdfrc                                                                 
|  MDEN: mden                                                                  
| MDCRD: mdcrd                                                                 
|MDINFO: mdinfo                                                                
|  MTMD: mtmd                                                                  
|INPDIP: inpdip                                                                
|RSTDIP: rstdip                                                                
|INPTRA: inptraj                                                               


 Here is the input file:

                                                                               
&cntrl                                                                         
    imin = 1, maxcyc = 1000,                                                   
    ntx = 1,                                                                   
    ntxo = 2,                                                                  
    ntwr = 100, ntpr = 100,                                                    
    cut = 999.0,                                                               
    ntb = 0, igb = 8,                                                          
    ntmin = 3, drms = 0.01,                                                    
/                                                                              

--------------------------------------------------------------------------------
   1.  RESOURCE   USE: 
--------------------------------------------------------------------------------

| Flags:                                                                        
| New format PARM file being parsed.
| Version =    1.000 Date = 08/18/16 Time = 17:29:33
 NATOM  =    1121 NTYPES =      14 NBONH =     580 MBONA  =     547
 NTHETH =    1314 MTHETA =     730 NPHIH =    2602 MPHIA  =    2236
 NHPARM =       0 NPARM  =       0 NNB   =    6168 NRES   =      65
 NBONA  =     547 NTHETA =     730 NPHIA =    2236 NUMBND =      56
 NUMANG =     129 NPTRA  =     161 NATYP =      28 NPHB   =       0
 IFBOX  =       0 NMXRS  =      24 IFCAP =       0 NEXTRA =       0
 NCOPY  =       0

 Implicit solvent radii are ArgH and AspGluO modified Bondi2 radii (mbondi3)                                
 Replacing prmtop screening parameters with GBn2 (igb=8) values

|     Memory Use     Allocated
|     Real               98677
|     Hollerith           3430
|     Integer            81878
|     Max Pairs              1
|     nblistReal             0
|     nblist Int             0
|       Total             1104 kbytes

| Note: 1-4 EEL scale factors are being read from the topology file.

| Note: 1-4 VDW scale factors are being read from the topology file.
| Duplicated    0 dihedrals
| Duplicated    0 dihedrals

--------------------------------------------------------------------------------
   2.  CONTROL  DATA  FOR  THE  RUN
--------------------------------------------------------------------------------

default_name                                                                    

General flags:
     imin    =       1, nmropt  =       0

Nature and format of input:
     ntx     =       1, irest   =       0, ntrx    =       1

Nature and format of output:
     ntxo    =       2, ntpr    =     100, ntrx    =       1, ntwr    =     100
     iwrap   =       0, ntwx    =       0, ntwv    =       0, ntwe    =       0
     ioutfm  =       0, ntwprt  =       0, idecomp =       0, rbornstat=      0

Potential function:
     ntf     =       1, ntb     =       0, igb     =       8, nsnb    =      25
     ipol    =       0, gbsa    =       0, iesp    =       0
     dielc   =   1.00000, cut     = 999.00000, intdiel =   1.00000
     saltcon =   0.00000, offset  =   0.19514, surften =   0.00500
     rdt     =   0.00000, rgbmax  =  25.00000  extdiel =  78.50000
     alpb  =        0
     gbalphaH  =   0.78844, gbbetaH   =   0.79870,  gbgammaH  =    0.43733
     gbalphaC  =   0.73376, gbbetaC   =   0.50638,  gbgammaC  =    0.20584
     gbalphaN  =   0.50336, gbbetaN   =   0.31683,  gbgammaN  =    0.19292
     gbalphaOS =   0.86781, gbbetaOS  =   0.87664,  gbgammaOS =    0.38788
     gbalphaP  =   1.00000, gbbetaP   =   0.80000,  gbgammaP  =    4.85000
     gb_alpha_hnu  =   0.53705, gb_beta_hnu   =   0.36286,  gb_gamma_hnu  =    0.11670
     gb_alpha_cnu  =   0.33167, gb_beta_cnu   =   0.19684,  gb_gamma_cnu  =    0.09342
     gb_alpha_nnu  =   0.68631, gb_beta_nnu   =   0.46319,  gb_gamma_nnu  =    0.13872
     gb_alpha_onu  =   0.60634, gb_beta_onu   =   0.46301,  gb_gamma_onu  =    0.14226
     gb_alpha_pnu  =   0.41836, gb_beta_pnu   =   0.29005,  gb_gamma_pnu  =    0.10642

Frozen or restrained atoms:
     ibelly  =       0, ntr     =       0

Energy minimization:
     maxcyc  =    1000, ncyc    =      10, ntmin   =       3
     dx0     =   0.01000, drms    =   0.01000

LMOD:
     xmin_method                  = LBFGS
     lbfgs_memory_depth           =       3
     matrix_vector_product_method = forward finite difference
     xmin_verbosity               =       0
|  INFO: Old style inpcrd file read


--------------------------------------------------------------------------------
   3.  ATOMIC COORDINATES AND VELOCITIES
--------------------------------------------------------------------------------

default_name                                                                    
 begin time read from input coords =     0.000 ps

 Number of triangulated 3-point waters found:        0

--------------------------------------------------------------------------------
   4.  RESULTS
--------------------------------------------------------------------------------

  LMOD XMIN Minimization.

  Note: Owing to the behaviour of the XMIN algorithm,
        coordinates in the trajectory and intermediate
        restart files will not match up with energies
        in the mdout and mdinfo files. The final energy
        and final coordinates do match.



   NSTEP       ENERGY          RMS            GMAX         NAME    NUMBER
      0      -3.2480E+03     8.4709E+00     5.8570E+01     OE2        47

 BOND    =       43.5384  ANGLE   =      144.7713  DIHED      =      724.1854
 VDWAALS =     -432.9104  EEL     =    -3050.1885  EGB        =    -2256.2748
 1-4 VDW =      304.5686  1-4 EEL =     1274.2655  RESTRAINT  =        0.0000


   NSTEP       ENERGY          RMS            GMAX         NAME    NUMBER
    100      -3.5964E+03     1.0406E+00     1.0941E+01     NE2       451

 BOND    =       45.2021  ANGLE   =      163.5784  DIHED      =      723.6506
 VDWAALS =     -541.7317  EEL     =    -3007.4513  EGB        =    -2281.9257
 1-4 VDW =      209.7918  1-4 EEL =     1092.4668  RESTRAINT  =        0.0000


   NSTEP       ENERGY          RMS            GMAX         NAME    NUMBER
    200      -3.6058E+03     1.0574E-01     1.8972E+00     CG        889

 BOND    =       45.5053  ANGLE   =      164.7625  DIHED      =      722.4849
 VDWAALS =     -540.2742  EEL     =    -3016.6710  EGB        =    -2278.3159
 1-4 VDW =      208.1285  1-4 EEL =     1088.6116  RESTRAINT  =        0.0000


   NSTEP       ENERGY          RMS            GMAX         NAME    NUMBER
    300      -3.6087E+03     7.2482E-02     7.6385E-01     HE2       469

 BOND    =       45.7906  ANGLE   =      165.4724  DIHED      =      722.6892
 VDWAALS =     -540.0222  EEL     =    -3027.6584  EGB        =    -2270.5231
 1-4 VDW =      208.1824  1-4 EEL =     1087.3781  RESTRAINT  =        0.0000


   NSTEP       ENERGY          RMS            GMAX         NAME    NUMBER
    400      -3.6111E+03     1.0051E-01     1.7878E+00     C        1119

 BOND    =       45.7289  ANGLE   =      166.2896  DIHED      =      722.4858
 VDWAALS =     -540.7071  EEL     =    -3038.5191  EGB        =    -2261.6692
 1-4 VDW =      208.8873  1-4 EEL =     1086.3941  RESTRAINT  =        0.0000


   NSTEP       ENERGY          RMS            GMAX         NAME    NUMBER
    500      -3.6117E+03     1.5842E-02     1.1297E-01     O           9

 BOND    =       45.7906  ANGLE   =      166.1847  DIHED      =      722.6305
 VDWAALS =     -541.0005  EEL     =    -3038.3550  EGB        =    -2262.3067
 1-4 VDW =      208.9732  1-4 EEL =     1086.4030  RESTRAINT  =        0.0000


   NSTEP       ENERGY          RMS            GMAX         NAME    NUMBER
    600      -3.6124E+03     4.9672E-02     1.6338E+00     CG        889

 BOND    =       45.8562  ANGLE   =      166.3893  DIHED      =      722.3218
 VDWAALS =     -541.8108  EEL     =    -3035.6955  EGB        =    -2264.5200
 1-4 VDW =      209.0118  1-4 EEL =     1086.0006  RESTRAINT  =        0.0000


   NSTEP       ENERGY          RMS            GMAX         NAME    NUMBER
    700      -3.6134E+03     2.9142E-02     2.1219E-01     CG        889

 BOND    =       45.8942  ANGLE   =      166.8598  DIHED      =      722.4262
 VDWAALS =     -541.9552  EEL     =    -3037.4310  EGB        =    -2263.5758
 1-4 VDW =      209.2721  1-4 EEL =     1085.1430  RESTRAINT  =        0.0000


   NSTEP       ENERGY          RMS            GMAX         NAME    NUMBER
    800      -3.6136E+03     5.4127E-02     7.9772E-01     CZ        500

 BOND    =       45.9495  ANGLE   =      167.3438  DIHED      =      722.1550
 VDWAALS =     -541.2952  EEL     =    -3036.8165  EGB        =    -2265.2241
 1-4 VDW =      209.0556  1-4 EEL =     1085.2136  RESTRAINT  =        0.0000


   NSTEP       ENERGY          RMS            GMAX         NAME    NUMBER
    900      -3.6140E+03     5.8537E-02     9.8664E-01     CZ        500

 BOND    =       45.9862  ANGLE   =      167.3840  DIHED      =      721.9299
 VDWAALS =     -541.0760  EEL     =    -3036.9525  EGB        =    -2265.1830
 1-4 VDW =      209.1102  1-4 EEL =     1084.8194  RESTRAINT  =        0.0000


   NSTEP       ENERGY          RMS            GMAX         NAME    NUMBER
   1000      -3.6146E+03     6.1647E-02     8.6930E-01     CZ        500

 BOND    =       46.1209  ANGLE   =      167.6350  DIHED      =      721.6269
 VDWAALS =     -540.6687  EEL     =    -3034.4084  EGB        =    -2269.2637
 1-4 VDW =      208.9644  1-4 EEL =     1085.3524  RESTRAINT  =        0.0000

--------------------------------------------------------------------------------
   5.  TIMINGS
--------------------------------------------------------------------------------

|                Calc gb radii             28.30 (20.67% of Gen B)
|                Calc gb diag              52.43 (38.30% of Gen B)
|                Calc gb off-diag          56.16 (41.02% of Gen B)
|             Gen Born time            136.90 (100.0% of Nonbo)
|          Nonbond force            136.90 (99.06% of Force)
|          Bond/Angle/Dihedral        1.30 ( 0.94% of Force)
|       Force time               138.19 (100.0% of Runmd)
|    Runmd Time               138.19 (99.67% of Total)
|    Other                      0.46 ( 0.33% of Total)
| Total time               138.66 (100.0% of ALL  )

| Number of list builds   :          0

| Highest rstack allocated:          0
| Highest istack allocated:          0
|           Job began  at 17:31:09.816  on 08/18/2016
|           Setup done at 17:31:09.843  on 08/18/2016
|           Run   done at 17:33:28.472  on 08/18/2016
|     wallclock() was called   18316 times
